Release 14.7 - xst P.20131013 (lin64)
Copyright (c) 1995-2013 Xilinx, Inc.  All rights reserved.
--> 
Parameter TMPDIR set to xst/projnav.tmp


Total REAL time to Xst completion: 0.00 secs
Total CPU time to Xst completion: 0.05 secs
 
--> 
Parameter xsthdpdir set to xst


Total REAL time to Xst completion: 0.00 secs
Total CPU time to Xst completion: 0.05 secs
 
--> 
Reading design: counter.prj

TABLE OF CONTENTS
  1) Synthesis Options Summary
  2) HDL Compilation
  3) Design Hierarchy Analysis
  4) HDL Analysis
  5) HDL Synthesis
     5.1) HDL Synthesis Report
  6) Advanced HDL Synthesis
     6.1) Advanced HDL Synthesis Report
  7) Low Level Synthesis
  8) Partition Report
  9) Final Report
	9.1) Device utilization summary
	9.2) Partition Resource Summary
	9.3) TIMING REPORT


=========================================================================
*                      Synthesis Options Summary                        *
=========================================================================
---- Source Parameters
Input File Name                    : "counter.prj"
Input Format                       : mixed
Ignore Synthesis Constraint File   : NO

---- Target Parameters
Output File Name                   : "counter"
Output Format                      : NGC
Target Device                      : xc3s1600e-4-fg320

---- Source Options
Top Module Name                    : counter
Automatic FSM Extraction           : YES
FSM Encoding Algorithm             : Auto
Safe Implementation                : No
FSM Style                          : LUT
RAM Extraction                     : Yes
RAM Style                          : Auto
ROM Extraction                     : Yes
Mux Style                          : Auto
Decoder Extraction                 : YES
Priority Encoder Extraction        : Yes
Shift Register Extraction          : YES
Logical Shifter Extraction         : YES
XOR Collapsing                     : YES
ROM Style                          : Auto
Mux Extraction                     : Yes
Resource Sharing                   : YES
Asynchronous To Synchronous        : NO
Multiplier Style                   : Auto
Automatic Register Balancing       : No

---- Target Options
Add IO Buffers                     : YES
Global Maximum Fanout              : 500
Add Generic Clock Buffer(BUFG)     : 24
Register Duplication               : YES
Slice Packing                      : YES
Optimize Instantiated Primitives   : NO
Use Clock Enable                   : Yes
Use Synchronous Set                : Yes
Use Synchronous Reset              : Yes
Pack IO Registers into IOBs        : Auto
Equivalent register Removal        : YES

---- General Options
Optimization Goal                  : Speed
Optimization Effort                : 1
Keep Hierarchy                     : No
Netlist Hierarchy                  : As_Optimized
RTL Output                         : Yes
Global Optimization                : AllClockNets
Read Cores                         : YES
Write Timing Constraints           : NO
Cross Clock Analysis               : NO
Hierarchy Separator                : /
Bus Delimiter                      : <>
Case Specifier                     : Maintain
Slice Utilization Ratio            : 100
BRAM Utilization Ratio             : 100
Verilog 2001                       : YES
Auto BRAM Packing                  : NO
Slice Utilization Ratio Delta      : 5

=========================================================================


=========================================================================
*                          HDL Compilation                              *
=========================================================================
Compiling vhdl file "/home/ise/AdrianoSpinola/PE - 2024/pro/pe2024/counter.vhd" in Library work.
Entity <counter> compiled.
Entity <counter> (Architecture <Contador_GenericoArch>) compiled.

=========================================================================
*                     Design Hierarchy Analysis                         *
=========================================================================
Analyzing hierarchy for entity <counter> in library <work> (architecture <Contador_GenericoArch>) with generics.
	g_dataSize = 8


=========================================================================
*                            HDL Analysis                               *
=========================================================================
Analyzing generic Entity <counter> in library <work> (Architecture <Contador_GenericoArch>).
	g_dataSize = 8
Entity <counter> analyzed. Unit <counter> generated.


=========================================================================
*                           HDL Synthesis                               *
=========================================================================

Performing bidirectional port resolution...

Synthesizing Unit <counter>.
    Related source file is "/home/ise/AdrianoSpinola/PE - 2024/pro/pe2024/counter.vhd".
    Found 8-bit adder for signal <D_bus$addsub0000> created at line 36.
    Found 8-bit comparator equal for signal <D_bus$cmp_eq0000> created at line 36.
    Found 8-bit register for signal <Q_bus>.
    Summary:
	inferred   8 D-type flip-flop(s).
	inferred   1 Adder/Subtractor(s).
	inferred   1 Comparator(s).
Unit <counter> synthesized.


=========================================================================
HDL Synthesis Report

Macro Statistics
# Adders/Subtractors                                   : 1
 8-bit adder                                           : 1
# Registers                                            : 1
 8-bit register                                        : 1
# Comparators                                          : 1
 8-bit comparator equal                                : 1

=========================================================================

=========================================================================
*                       Advanced HDL Synthesis                          *
=========================================================================


=========================================================================
Advanced HDL Synthesis Report

Macro Statistics
# Adders/Subtractors                                   : 1
 8-bit adder                                           : 1
# Registers                                            : 8
 Flip-Flops                                            : 8
# Comparators                                          : 1
 8-bit comparator equal                                : 1

=========================================================================

=========================================================================
*                         Low Level Synthesis                           *
=========================================================================

Optimizing unit <counter> ...

Mapping all equations...
Building and optimizing final netlist ...
Found area constraint ratio of 100 (+ 5) on block counter, actual ratio is 0.

Final Macro Processing ...

=========================================================================
Final Register Report

Macro Statistics
# Registers                                            : 8
 Flip-Flops                                            : 8

=========================================================================

=========================================================================
*                           Partition Report                            *
=========================================================================

Partition Implementation Status
-------------------------------

  No Partitions were found in this design.

-------------------------------

=========================================================================
*                            Final Report                               *
=========================================================================
Final Results
RTL Top Level Output File Name     : counter.ngr
Top Level Output File Name         : counter
Output Format                      : NGC
Optimization Goal                  : Speed
Keep Hierarchy                     : No

Design Statistics
# IOs                              : 20

Cell Usage :
# BELS                             : 19
#      LUT2                        : 1
#      LUT2_L                      : 1
#      LUT3                        : 1
#      LUT3_L                      : 2
#      LUT4                        : 12
#      LUT4_D                      : 1
#      LUT4_L                      : 1
# FlipFlops/Latches                : 8
#      FDC                         : 8
# Clock Buffers                    : 1
#      BUFGP                       : 1
# IO Buffers                       : 19
#      IBUF                        : 10
#      OBUF                        : 9
=========================================================================

Device utilization summary:
---------------------------

Selected Device : 3s1600efg320-4 

 Number of Slices:                       10  out of  14752     0%  
 Number of Slice Flip Flops:              8  out of  29504     0%  
 Number of 4 input LUTs:                 19  out of  29504     0%  
 Number of IOs:                          20
 Number of bonded IOBs:                  20  out of    250     8%  
 Number of GCLKs:                         1  out of     24     4%  

---------------------------
Partition Resource Summary:
---------------------------

  No Partitions were found in this design.

---------------------------


=========================================================================
TIMING REPORT

NOTE: THESE TIMING NUMBERS ARE ONLY A SYNTHESIS ESTIMATE.
      FOR ACCURATE TIMING INFORMATION PLEASE REFER TO THE TRACE REPORT
      GENERATED AFTER PLACE-and-ROUTE.

Clock Information:
------------------
-----------------------------------+------------------------+-------+
Clock Signal                       | Clock buffer(FF name)  | Load  |
-----------------------------------+------------------------+-------+
i_clk                              | BUFGP                  | 8     |
-----------------------------------+------------------------+-------+

Asynchronous Control Signals Information:
----------------------------------------
-----------------------------------+------------------------+-------+
Control Signal                     | Buffer(FF name)        | Load  |
-----------------------------------+------------------------+-------+
i_rst                              | IBUF                   | 8     |
-----------------------------------+------------------------+-------+

Timing Summary:
---------------
Speed Grade: -4

   Minimum period: 5.052ns (Maximum Frequency: 197.941MHz)
   Minimum input arrival time before clock: 5.683ns
   Maximum output required time after clock: 7.277ns
   Maximum combinational path delay: 7.908ns

Timing Detail:
--------------
All values displayed in nanoseconds (ns)

=========================================================================
Timing constraint: Default period analysis for Clock 'i_clk'
  Clock period: 5.052ns (frequency: 197.941MHz)
  Total number of paths / destination ports: 100 / 8
-------------------------------------------------------------------------
Delay:               5.052ns (Levels of Logic = 3)
  Source:            Q_bus_6 (FF)
  Destination:       Q_bus_0 (FF)
  Source Clock:      i_clk rising
  Destination Clock: i_clk rising

  Data Path: Q_bus_6 to Q_bus_0
                                Gate     Net
    Cell:in->out      fanout   Delay   Delay  Logical Name (Net Name)
    ----------------------------------------  ------------
     FDC:C->Q              4   0.591   0.591  Q_bus_6 (Q_bus_6)
     LUT4:I3->O            1   0.704   0.595  o_end8120 (o_end8120)
     LUT4:I0->O            9   0.704   0.855  o_end8136 (o_end_OBUF)
     LUT3:I2->O            1   0.704   0.000  D_bus<0>1 (D_bus<0>)
     FDC:D                     0.308          Q_bus_0
    ----------------------------------------
    Total                      5.052ns (3.011ns logic, 2.041ns route)
                                       (59.6% logic, 40.4% route)

=========================================================================
Timing constraint: Default OFFSET IN BEFORE for Clock 'i_clk'
  Total number of paths / destination ports: 72 / 8
-------------------------------------------------------------------------
Offset:              5.683ns (Levels of Logic = 4)
  Source:            i_data<7> (PAD)
  Destination:       Q_bus_0 (FF)
  Destination Clock: i_clk rising

  Data Path: i_data<7> to Q_bus_0
                                Gate     Net
    Cell:in->out      fanout   Delay   Delay  Logical Name (Net Name)
    ----------------------------------------  ------------
     IBUF:I->O             1   1.218   0.595  i_data_7_IBUF (i_data_7_IBUF)
     LUT4:I0->O            1   0.704   0.595  o_end8120 (o_end8120)
     LUT4:I0->O            9   0.704   0.855  o_end8136 (o_end_OBUF)
     LUT3:I2->O            1   0.704   0.000  D_bus<0>1 (D_bus<0>)
     FDC:D                     0.308          Q_bus_0
    ----------------------------------------
    Total                      5.683ns (3.638ns logic, 2.045ns route)
                                       (64.0% logic, 36.0% route)

=========================================================================
Timing constraint: Default OFFSET OUT AFTER for Clock 'i_clk'
  Total number of paths / destination ports: 16 / 9
-------------------------------------------------------------------------
Offset:              7.277ns (Levels of Logic = 3)
  Source:            Q_bus_6 (FF)
  Destination:       o_end (PAD)
  Source Clock:      i_clk rising

  Data Path: Q_bus_6 to o_end
                                Gate     Net
    Cell:in->out      fanout   Delay   Delay  Logical Name (Net Name)
    ----------------------------------------  ------------
     FDC:C->Q              4   0.591   0.591  Q_bus_6 (Q_bus_6)
     LUT4:I3->O            1   0.704   0.595  o_end8120 (o_end8120)
     LUT4:I0->O            9   0.704   0.820  o_end8136 (o_end_OBUF)
     OBUF:I->O                 3.272          o_end_OBUF (o_end)
    ----------------------------------------
    Total                      7.277ns (5.271ns logic, 2.006ns route)
                                       (72.4% logic, 27.6% route)

=========================================================================
Timing constraint: Default path analysis
  Total number of paths / destination ports: 8 / 1
-------------------------------------------------------------------------
Delay:               7.908ns (Levels of Logic = 4)
  Source:            i_data<7> (PAD)
  Destination:       o_end (PAD)

  Data Path: i_data<7> to o_end
                                Gate     Net
    Cell:in->out      fanout   Delay   Delay  Logical Name (Net Name)
    ----------------------------------------  ------------
     IBUF:I->O             1   1.218   0.595  i_data_7_IBUF (i_data_7_IBUF)
     LUT4:I0->O            1   0.704   0.595  o_end8120 (o_end8120)
     LUT4:I0->O            9   0.704   0.820  o_end8136 (o_end_OBUF)
     OBUF:I->O                 3.272          o_end_OBUF (o_end)
    ----------------------------------------
    Total                      7.908ns (5.898ns logic, 2.010ns route)
                                       (74.6% logic, 25.4% route)

=========================================================================


Total REAL time to Xst completion: 6.00 secs
Total CPU time to Xst completion: 2.25 secs
 
--> 


Total memory usage is 608776 kilobytes

Number of errors   :    0 (   0 filtered)
Number of warnings :    0 (   0 filtered)
Number of infos    :    0 (   0 filtered)

