Running: /opt/Xilinx/14.7/ISE_DS/ISE/bin/lin64/unwrapped/fuse -intstyle ise -incremental -o /home/ise/AdrianoSpinola/PE - 2024/pro/pe2024/tb_noise_suppressor_isim_beh.exe -prj /home/ise/AdrianoSpinola/PE - 2024/pro/pe2024/tb_noise_suppressor_beh.prj work.tb_noise_suppressor 
ISim P.20131013 (signature 0xfbc00daa)
Number of CPUs detected in this system: 1
Turning on mult-threading, number of parallel sub-compilation jobs: 0 
Determining compilation order of HDL files
Parsing VHDL file "/home/ise/AdrianoSpinola/PE - 2024/pro/pe2024/counter.vhd" into library work
Parsing VHDL file "/home/ise/AdrianoSpinola/PE - 2024/pro/pe2024/../../src/noise_suppressor.vhd" into library work
Parsing VHDL file "/home/ise/AdrianoSpinola/PE - 2024/pro/pe2024/noise_suppressor.vhd" into library work
Starting static elaboration
WARNING:HDLCompiler:746 - "/build/xfndry10/P.20131013/rtf/vhdl/src/ieee/numeric_std.vhd" Line 3314: Range is empty (null range)
WARNING:HDLCompiler:220 - "/build/xfndry10/P.20131013/rtf/vhdl/src/ieee/numeric_std.vhd" Line 3314: Assignment ignored
Completed static elaboration
Fuse Memory Usage: 97296 KB
Fuse CPU Usage: 680 ms
Compiling package standard
Compiling package std_logic_1164
Compiling package numeric_std
Compiling package math_real
Compiling architecture contador_genericoarch of entity counter [\counter(3)\]
Compiling architecture rtl of entity noise_suppressor [\noise_suppressor(7)\]
Compiling architecture behavior of entity tb_noise_suppressor
Time Resolution for simulation is 1ps.
Compiled 9 VHDL Units
Built simulation executable /home/ise/AdrianoSpinola/PE - 2024/pro/pe2024/tb_noise_suppressor_isim_beh.exe
Fuse Memory Usage: 114056 KB
Fuse CPU Usage: 830 ms
GCC CPU Usage: 290 ms
